<?xml version="1.0" encoding="UTF-8"?>
<testsuite xmlns:xsi="http://www.w3.org/2001/XMLSchema-instance" xsi:noNamespaceSchemaLocation="https://maven.apache.org/surefire/maven-surefire-plugin/xsd/surefire-test-report-3.0.xsd" version="3.0" name="com.example.anagram.AnagramGeneratorTest" time="0.099" tests="4" errors="0" skipped="0" failures="0">
  <properties>
[...]
</properties>
  <testcase name="testEmptyInput" classname="com.example.anagram.AnagramGeneratorTest" time="0.024"/>
  <testcase name="testSingleLetter" classname="com.example.anagram.AnagramGeneratorTest" time="0.01"/>
  <testcase name="testAnagram3Letters" classname="com.example.anagram.AnagramGeneratorTest" time="0.002"/>
  <testcase name="testInvalidCharacters" classname="com.example.anagram.AnagramGeneratorTest" time="0.001"/>
</testsuite>